生成启动时间为 2015/12/16 11:18:41。
     1>项目“F:\ComputerGraphics-master\QuidditchApp\QuidditchApp.vcxproj”在节点 2 上(Build 个目标)。
     1>ClCompile:
         D:\Visual Studio2015\VC\bin\CL.exe /c /ZI /nologo /W3 /WX- /sdl /Od /Oy- /D _MBCS /Gm /EHsc /RTC1 /MDd /GS /fp:precise /Zc:wchar_t /Zc:forScope /Zc:inline /Fo"Debug\\" /Fd"Debug\vc140.pdb" /Gd /TP /analyze- /errorReport:prompt controller.cpp flag.cpp main.cpp
         flag.cpp
         controller.cpp
         正在生成代码...
         正在编译...
         main.cpp
     1>f:\computergraphics-master\quidditchapp\main.cpp(18): warning C4838: 从“double”转换到“GLfloat”需要收缩转换
     1>f:\computergraphics-master\quidditchapp\main.cpp(30): warning C4838: 从“double”转换到“GLfloat”需要收缩转换
     1>f:\computergraphics-master\quidditchapp\main.cpp(32): warning C4838: 从“double”转换到“GLfloat”需要收缩转换
         正在生成代码...
       Link:
         D:\Visual Studio2015\VC\bin\link.exe /ERRORREPORT:PROMPT /OUT:"F:\ComputerGraphics-master\Debug\QuidditchApp.exe" /INCREMENTAL /NOLOGO OpenGL32.lib GLu32.lib GLaux.lib legacy_stdio_definitions.lib kernel32.lib user32.lib gdi32.lib winspool.lib comdlg32.lib advapi32.lib shell32.lib ole32.lib oleaut32.lib uuid.lib odbc32.lib odbccp32.lib /MANIFEST /MANIFESTUAC:"level='asInvoker' uiAccess='false'" /manifest:embed /Debug /PDB:"F:\ComputerGraphics-master\Debug\QuidditchApp.pdb" /TLBID:1 /DYNAMICBASE /NXCOMPAT /IMPLIB:"F:\ComputerGraphics-master\Debug\QuidditchApp.lib" /MACHINE:X86 Debug\camera.obj
         Debug\Club.obj
         Debug\controller.obj
         Debug\flag.obj
         Debug\glhf.obj
         Debug\main.obj
         Debug\matrix.obj
         Debug\orb.obj
         Debug\physical.obj
         Debug\table.obj
         QuidditchApp.vcxproj -> F:\ComputerGraphics-master\Debug\QuidditchApp.exe
     1>已完成生成项目“F:\ComputerGraphics-master\QuidditchApp\QuidditchApp.vcxproj”(Build 个目标)的操作。

已成功生成。

已用时间 00:00:02.29
